INFO:__main__:(2023-12-21 18:49:59,600):Configuration loaded (Line: 99 [POC_main.py])
INFO:__main__:(2023-12-21 18:49:59,601):Importing run parameters (Line: 107 [POC_main.py])
INFO:__main__:(2023-12-21 18:49:59,603):Importing risk free rate curve (Line: 111 [POC_main.py])
INFO:__main__:(2023-12-21 18:49:59,622):Process risk free rate curve (Line: 119 [POC_main.py])
INFO:__main__:(2023-12-21 18:49:59,623):Calculate 1-year forward rate (Line: 123 [POC_main.py])
INFO:__main__:(2023-12-21 18:49:59,625):Calculate projected spot rates (Line: 126 [POC_main.py])
INFO:__main__:(2023-12-21 18:49:59,701):Calculate calibration parameter alpha (Line: 129 [POC_main.py])
INFO:__main__:(2023-12-21 18:49:59,877):Calibrate vector b (Line: 135 [POC_main.py])
INFO:__main__:(2023-12-21 18:49:59,880):Import cash portfolio (Line: 140 [POC_main.py])
INFO:__main__:(2023-12-21 18:49:59,881):Import equities (Line: 144 [POC_main.py])
INFO:__main__:(2023-12-21 18:49:59,882):Create equity portfolio (Line: 149 [POC_main.py])
INFO:__main__:(2023-12-24 13:15:06,311):Configuration loaded (Line: 99 [POC_main.py])
INFO:__main__:(2023-12-24 13:15:06,311):Importing run parameters (Line: 107 [POC_main.py])
INFO:__main__:(2023-12-24 13:15:06,311):Importing risk free rate curve (Line: 111 [POC_main.py])
INFO:__main__:(2023-12-24 13:15:06,327):Process risk free rate curve (Line: 119 [POC_main.py])
INFO:__main__:(2023-12-24 13:15:06,327):Calculate 1-year forward rate (Line: 123 [POC_main.py])
INFO:__main__:(2023-12-24 13:15:06,342):Calculate projected spot rates (Line: 126 [POC_main.py])
INFO:__main__:(2023-12-24 13:15:06,406):Calculate calibration parameter alpha (Line: 129 [POC_main.py])
INFO:__main__:(2023-12-24 13:15:06,516):Calibrate vector b (Line: 135 [POC_main.py])
INFO:__main__:(2023-12-24 13:15:06,564):Import cash portfolio (Line: 143 [POC_main.py])
INFO:__main__:(2023-12-24 13:15:06,564):Import equities (Line: 147 [POC_main.py])
INFO:__main__:(2023-12-24 13:15:06,564):Create equity portfolio (Line: 152 [POC_main.py])
INFO:__main__:(2024-01-03 07:45:53,852):Configuration loaded (Line: 99 [POC_main.py])
INFO:__main__:(2024-01-03 07:45:53,853):Importing run parameters (Line: 107 [POC_main.py])
INFO:__main__:(2024-01-03 07:45:53,855):Importing risk free rate curve (Line: 111 [POC_main.py])
INFO:__main__:(2024-01-03 07:45:53,869):Process risk free rate curve (Line: 119 [POC_main.py])
INFO:__main__:(2024-01-03 07:45:53,869):Calculate 1-year forward rate (Line: 123 [POC_main.py])
INFO:__main__:(2024-01-03 07:45:53,870):Calculate projected spot rates (Line: 126 [POC_main.py])
INFO:__main__:(2024-01-03 07:45:53,953):Calculate calibration parameter alpha (Line: 129 [POC_main.py])
INFO:__main__:(2024-01-03 07:45:56,180):Import cash portfolio (Line: 135 [POC_main.py])
INFO:__main__:(2024-01-03 07:45:56,181):Import equities (Line: 139 [POC_main.py])
INFO:__main__:(2024-01-03 07:45:56,182):Create equity portfolio (Line: 144 [POC_main.py])
INFO:__main__:(2024-01-04 07:58:08,422):Configuration loaded (Line: 99 [POC_main.py])
INFO:__main__:(2024-01-04 07:58:08,422):Importing run parameters (Line: 107 [POC_main.py])
INFO:__main__:(2024-01-04 07:58:08,429):Importing risk free rate curve (Line: 111 [POC_main.py])
INFO:__main__:(2024-01-04 07:58:08,506):Process risk free rate curve (Line: 119 [POC_main.py])
INFO:__main__:(2024-01-04 07:58:08,507):Calculate 1-year forward rate (Line: 122 [POC_main.py])
INFO:__main__:(2024-01-04 07:58:08,511):Calculate projected spot rates (Line: 125 [POC_main.py])
INFO:__main__:(2024-01-04 07:58:09,074):Calculate calibration parameter alpha (Line: 128 [POC_main.py])
INFO:__main__:(2024-01-04 07:58:12,227):Import cash portfolio (Line: 135 [POC_main.py])
INFO:__main__:(2024-01-04 07:58:12,228):Import equities (Line: 139 [POC_main.py])
INFO:__main__:(2024-01-04 07:58:12,229):Create equity portfolio (Line: 144 [POC_main.py])
INFO:__main__:(2024-01-04 07:58:34,179):Configuration loaded (Line: 99 [POC_main.py])
INFO:__main__:(2024-01-04 07:58:34,179):Importing run parameters (Line: 107 [POC_main.py])
INFO:__main__:(2024-01-04 07:58:34,184):Importing risk free rate curve (Line: 111 [POC_main.py])
INFO:__main__:(2024-01-04 07:58:34,248):Process risk free rate curve (Line: 119 [POC_main.py])
INFO:__main__:(2024-01-04 07:58:34,249):Calculate 1-year forward rate (Line: 122 [POC_main.py])
INFO:__main__:(2024-01-04 07:58:34,254):Calculate projected spot rates (Line: 125 [POC_main.py])
INFO:__main__:(2024-01-04 07:58:34,651):Calculate calibration parameter alpha (Line: 128 [POC_main.py])
INFO:__main__:(2024-01-04 07:58:37,532):Import cash portfolio (Line: 135 [POC_main.py])
INFO:__main__:(2024-01-04 07:58:37,533):Import equities (Line: 139 [POC_main.py])
INFO:__main__:(2024-01-04 07:58:37,534):Create equity portfolio (Line: 144 [POC_main.py])
INFO:__main__:(2024-01-08 04:34:07,946):Configuration loaded (Line: 99 [POC_main.py])
INFO:__main__:(2024-01-08 04:34:07,946):Importing run parameters (Line: 107 [POC_main.py])
INFO:__main__:(2024-01-08 04:34:07,953):Importing risk free rate curve (Line: 111 [POC_main.py])
INFO:__main__:(2024-01-08 04:34:07,996):Process risk free rate curve (Line: 119 [POC_main.py])
INFO:__main__:(2024-01-08 04:34:07,996):Calculate 1-year forward rate (Line: 122 [POC_main.py])
INFO:__main__:(2024-01-08 04:34:07,996):Calculate projected spot rates (Line: 125 [POC_main.py])
INFO:__main__:(2024-01-08 04:34:08,261):Calculate calibration parameter alpha (Line: 128 [POC_main.py])
INFO:__main__:(2024-01-08 04:34:10,285):Import cash portfolio (Line: 135 [POC_main.py])
INFO:__main__:(2024-01-08 04:34:10,290):Import equities (Line: 139 [POC_main.py])
INFO:__main__:(2024-01-08 04:34:10,290):Create equity portfolio (Line: 144 [POC_main.py])
INFO:__main__:(2024-01-08 04:42:23,061):Configuration loaded (Line: 99 [POC_main.py])
INFO:__main__:(2024-01-08 04:42:23,061):Importing run parameters (Line: 107 [POC_main.py])
INFO:__main__:(2024-01-08 04:42:23,064):Importing risk free rate curve (Line: 111 [POC_main.py])
INFO:__main__:(2024-01-08 04:42:23,099):Process risk free rate curve (Line: 119 [POC_main.py])
INFO:__main__:(2024-01-08 04:42:23,101):Calculate 1-year forward rate (Line: 122 [POC_main.py])
INFO:__main__:(2024-01-08 04:42:23,104):Calculate projected spot rates (Line: 125 [POC_main.py])
INFO:__main__:(2024-01-08 04:42:23,384):Calculate calibration parameter alpha (Line: 128 [POC_main.py])
INFO:__main__:(2024-01-08 04:42:25,231):Import cash portfolio (Line: 135 [POC_main.py])
INFO:__main__:(2024-01-08 04:42:25,231):Import equities (Line: 139 [POC_main.py])
INFO:__main__:(2024-01-08 04:42:25,232):Create equity portfolio (Line: 144 [POC_main.py])
INFO:__main__:(2024-01-08 04:48:33,766):Configuration loaded (Line: 99 [POC_main.py])
INFO:__main__:(2024-01-08 04:48:33,766):Importing run parameters (Line: 107 [POC_main.py])
INFO:__main__:(2024-01-08 04:48:33,769):Importing risk free rate curve (Line: 111 [POC_main.py])
INFO:__main__:(2024-01-08 04:48:33,810):Process risk free rate curve (Line: 119 [POC_main.py])
INFO:__main__:(2024-01-08 04:48:33,810):Calculate 1-year forward rate (Line: 122 [POC_main.py])
INFO:__main__:(2024-01-08 04:48:33,814):Calculate projected spot rates (Line: 125 [POC_main.py])
INFO:__main__:(2024-01-08 04:48:34,061):Calculate calibration parameter alpha (Line: 128 [POC_main.py])
INFO:__main__:(2024-01-08 04:48:36,217):Import cash portfolio (Line: 135 [POC_main.py])
INFO:__main__:(2024-01-08 04:48:36,218):Import equities (Line: 139 [POC_main.py])
INFO:__main__:(2024-01-08 04:48:36,219):Create equity portfolio (Line: 144 [POC_main.py])
INFO:__main__:(2024-01-08 04:49:25,446):Configuration loaded (Line: 99 [POC_main.py])
INFO:__main__:(2024-01-08 04:49:25,446):Importing run parameters (Line: 107 [POC_main.py])
INFO:__main__:(2024-01-08 04:49:25,448):Importing risk free rate curve (Line: 111 [POC_main.py])
INFO:__main__:(2024-01-08 04:49:25,485):Process risk free rate curve (Line: 119 [POC_main.py])
INFO:__main__:(2024-01-08 04:49:25,485):Calculate 1-year forward rate (Line: 122 [POC_main.py])
INFO:__main__:(2024-01-08 04:49:25,485):Calculate projected spot rates (Line: 125 [POC_main.py])
INFO:__main__:(2024-01-08 04:49:25,721):Calculate calibration parameter alpha (Line: 128 [POC_main.py])
INFO:__main__:(2024-01-08 04:49:27,795):Import cash portfolio (Line: 135 [POC_main.py])
INFO:__main__:(2024-01-08 04:49:27,795):Import equities (Line: 139 [POC_main.py])
INFO:__main__:(2024-01-08 04:49:27,795):Create equity portfolio (Line: 144 [POC_main.py])
INFO:__main__:(2024-01-08 04:49:49,460):Configuration loaded (Line: 99 [POC_main.py])
INFO:__main__:(2024-01-08 04:49:49,460):Importing run parameters (Line: 107 [POC_main.py])
INFO:__main__:(2024-01-08 04:49:49,460):Importing risk free rate curve (Line: 111 [POC_main.py])
INFO:__main__:(2024-01-08 04:49:49,513):Process risk free rate curve (Line: 119 [POC_main.py])
INFO:__main__:(2024-01-08 04:49:49,514):Calculate 1-year forward rate (Line: 122 [POC_main.py])
INFO:__main__:(2024-01-08 04:49:49,515):Calculate projected spot rates (Line: 125 [POC_main.py])
INFO:__main__:(2024-01-08 04:49:49,783):Calculate calibration parameter alpha (Line: 128 [POC_main.py])
INFO:__main__:(2024-01-08 04:49:51,905):Import cash portfolio (Line: 135 [POC_main.py])
INFO:__main__:(2024-01-08 04:49:51,905):Import equities (Line: 139 [POC_main.py])
INFO:__main__:(2024-01-08 04:49:51,905):Create equity portfolio (Line: 144 [POC_main.py])
INFO:__main__:(2024-01-08 04:50:06,780):Configuration loaded (Line: 99 [POC_main.py])
INFO:__main__:(2024-01-08 04:50:06,780):Importing run parameters (Line: 107 [POC_main.py])
INFO:__main__:(2024-01-08 04:50:06,790):Importing risk free rate curve (Line: 111 [POC_main.py])
INFO:__main__:(2024-01-08 04:50:06,820):Process risk free rate curve (Line: 119 [POC_main.py])
INFO:__main__:(2024-01-08 04:50:06,820):Calculate 1-year forward rate (Line: 122 [POC_main.py])
INFO:__main__:(2024-01-08 04:50:06,831):Calculate projected spot rates (Line: 125 [POC_main.py])
INFO:__main__:(2024-01-08 04:50:07,070):Calculate calibration parameter alpha (Line: 128 [POC_main.py])
INFO:__main__:(2024-01-08 04:50:09,153):Import cash portfolio (Line: 135 [POC_main.py])
INFO:__main__:(2024-01-08 04:50:09,153):Import equities (Line: 139 [POC_main.py])
INFO:__main__:(2024-01-08 04:50:09,153):Create equity portfolio (Line: 144 [POC_main.py])
INFO:__main__:(2024-01-08 04:54:19,920):Configuration loaded (Line: 99 [POC_main.py])
INFO:__main__:(2024-01-08 04:54:19,920):Importing run parameters (Line: 107 [POC_main.py])
INFO:__main__:(2024-01-08 04:54:19,920):Importing risk free rate curve (Line: 111 [POC_main.py])
INFO:__main__:(2024-01-08 04:54:19,959):Process risk free rate curve (Line: 119 [POC_main.py])
INFO:__main__:(2024-01-08 04:54:19,959):Calculate 1-year forward rate (Line: 122 [POC_main.py])
INFO:__main__:(2024-01-08 04:54:19,959):Calculate projected spot rates (Line: 125 [POC_main.py])
INFO:__main__:(2024-01-08 04:54:20,199):Calculate calibration parameter alpha (Line: 128 [POC_main.py])
INFO:__main__:(2024-01-08 04:54:22,251):Import cash portfolio (Line: 135 [POC_main.py])
INFO:__main__:(2024-01-08 04:54:22,254):Import equities (Line: 139 [POC_main.py])
INFO:__main__:(2024-01-08 04:54:22,254):Create equity portfolio (Line: 144 [POC_main.py])
INFO:__main__:(2024-01-21 18:14:08,045):Configuration loaded (Line: 99 [POC_main.py])
INFO:__main__:(2024-01-21 18:14:08,045):Importing run parameters (Line: 107 [POC_main.py])
INFO:__main__:(2024-01-21 18:14:08,048):Importing risk free rate curve (Line: 111 [POC_main.py])
INFO:__main__:(2024-01-21 18:14:08,085):Process risk free rate curve (Line: 119 [POC_main.py])
INFO:__main__:(2024-01-21 18:14:08,086):Calculate 1-year forward rate (Line: 122 [POC_main.py])
INFO:__main__:(2024-01-21 18:14:08,090):Calculate projected spot rates (Line: 125 [POC_main.py])
INFO:__main__:(2024-01-21 18:14:08,346):Calculate calibration parameter alpha (Line: 128 [POC_main.py])
INFO:__main__:(2024-01-21 18:14:10,706):Import cash portfolio (Line: 135 [POC_main.py])
INFO:__main__:(2024-01-21 18:14:10,707):Import equities (Line: 139 [POC_main.py])
INFO:__main__:(2024-01-21 18:14:10,708):Create equity portfolio (Line: 144 [POC_main.py])
INFO:__main__:(2024-01-21 18:15:03,912):Configuration loaded (Line: 99 [POC_main.py])
INFO:__main__:(2024-01-21 18:15:03,913):Importing run parameters (Line: 107 [POC_main.py])
INFO:__main__:(2024-01-21 18:15:03,916):Importing risk free rate curve (Line: 111 [POC_main.py])
INFO:__main__:(2024-01-21 18:15:03,950):Process risk free rate curve (Line: 119 [POC_main.py])
INFO:__main__:(2024-01-21 18:15:03,952):Calculate 1-year forward rate (Line: 122 [POC_main.py])
INFO:__main__:(2024-01-21 18:15:03,955):Calculate projected spot rates (Line: 125 [POC_main.py])
INFO:__main__:(2024-01-21 18:15:04,207):Calculate calibration parameter alpha (Line: 128 [POC_main.py])
INFO:__main__:(2024-01-21 18:15:06,360):Import cash portfolio (Line: 135 [POC_main.py])
INFO:__main__:(2024-01-21 18:15:06,361):Import equities (Line: 139 [POC_main.py])
INFO:__main__:(2024-01-21 18:15:06,362):Create equity portfolio (Line: 144 [POC_main.py])
INFO:__main__:(2024-01-21 18:35:31,972):Configuration loaded (Line: 99 [POC_main.py])
INFO:__main__:(2024-01-21 18:35:31,973):Importing run parameters (Line: 107 [POC_main.py])
INFO:__main__:(2024-01-21 18:35:31,976):Importing risk free rate curve (Line: 111 [POC_main.py])
INFO:__main__:(2024-01-21 18:35:32,012):Process risk free rate curve (Line: 119 [POC_main.py])
INFO:__main__:(2024-01-21 18:35:32,013):Calculate 1-year forward rate (Line: 122 [POC_main.py])
INFO:__main__:(2024-01-21 18:35:32,015):Calculate projected spot rates (Line: 125 [POC_main.py])
INFO:__main__:(2024-01-21 18:35:32,251):Calculate calibration parameter alpha (Line: 128 [POC_main.py])
INFO:__main__:(2024-01-21 18:35:34,328):Import cash portfolio (Line: 135 [POC_main.py])
INFO:__main__:(2024-01-21 18:35:34,329):Import equities (Line: 139 [POC_main.py])
INFO:__main__:(2024-01-21 18:35:34,330):Create equity portfolio (Line: 144 [POC_main.py])
INFO:__main__:(2024-01-24 08:26:53,178):Configuration loaded (Line: 99 [POC_main.py])
INFO:__main__:(2024-01-24 08:26:53,178):Importing run parameters (Line: 107 [POC_main.py])
INFO:__main__:(2024-01-24 08:26:53,194):Importing risk free rate curve (Line: 111 [POC_main.py])
INFO:__main__:(2024-01-24 08:26:53,240):Process risk free rate curve (Line: 119 [POC_main.py])
INFO:__main__:(2024-01-24 08:26:53,240):Calculate 1-year forward rate (Line: 122 [POC_main.py])
INFO:__main__:(2024-01-24 08:26:53,256):Calculate projected spot rates (Line: 125 [POC_main.py])
INFO:__main__:(2024-01-24 08:26:53,476):Calculate calibration parameter alpha (Line: 128 [POC_main.py])
INFO:__main__:(2024-01-24 08:26:55,656):Import cash portfolio (Line: 135 [POC_main.py])
INFO:__main__:(2024-01-24 08:26:55,656):Import equities (Line: 139 [POC_main.py])
INFO:__main__:(2024-01-24 08:26:55,656):Create equity portfolio (Line: 144 [POC_main.py])
INFO:__main__:(2024-02-02 18:32:48,026):Configuration loaded (Line: 99 [POC_main.py])
INFO:__main__:(2024-02-02 18:32:48,026):Importing run parameters (Line: 107 [POC_main.py])
INFO:__main__:(2024-02-02 18:32:48,026):Importing risk free rate curve (Line: 111 [POC_main.py])
INFO:__main__:(2024-02-02 18:32:48,066):Process risk free rate curve (Line: 119 [POC_main.py])
INFO:__main__:(2024-02-02 18:32:48,066):Calculate 1-year forward rate (Line: 122 [POC_main.py])
INFO:__main__:(2024-02-02 18:32:48,066):Calculate projected spot rates (Line: 125 [POC_main.py])
INFO:__main__:(2024-02-02 18:32:48,296):Calculate calibration parameter alpha (Line: 128 [POC_main.py])
INFO:__main__:(2024-02-02 18:32:50,386):Import cash portfolio (Line: 135 [POC_main.py])
INFO:__main__:(2024-02-02 18:32:50,391):Import equities (Line: 139 [POC_main.py])
INFO:__main__:(2024-02-02 18:32:50,391):Create equity portfolio (Line: 144 [POC_main.py])
INFO:__main__:(2024-02-02 23:59:46,966):Configuration loaded (Line: 99 [POC_main.py])
INFO:__main__:(2024-02-02 23:59:46,966):Importing run parameters (Line: 107 [POC_main.py])
INFO:__main__:(2024-02-02 23:59:46,974):Importing risk free rate curve (Line: 111 [POC_main.py])
INFO:__main__:(2024-02-02 23:59:47,007):Process risk free rate curve (Line: 119 [POC_main.py])
INFO:__main__:(2024-02-02 23:59:47,007):Calculate 1-year forward rate (Line: 122 [POC_main.py])
INFO:__main__:(2024-02-02 23:59:47,015):Calculate projected spot rates (Line: 125 [POC_main.py])
INFO:__main__:(2024-02-02 23:59:47,240):Calculate calibration parameter alpha (Line: 128 [POC_main.py])
INFO:__main__:(2024-02-02 23:59:49,160):Import cash portfolio (Line: 135 [POC_main.py])
INFO:__main__:(2024-02-02 23:59:49,160):Import equities (Line: 139 [POC_main.py])
INFO:__main__:(2024-02-02 23:59:49,165):Create equity portfolio (Line: 144 [POC_main.py])
INFO:__main__:(2024-02-03 00:01:15,170):Configuration loaded (Line: 99 [POC_main.py])
INFO:__main__:(2024-02-03 00:01:15,170):Importing run parameters (Line: 107 [POC_main.py])
INFO:__main__:(2024-02-03 00:01:15,175):Importing risk free rate curve (Line: 111 [POC_main.py])
INFO:__main__:(2024-02-03 00:01:15,210):Process risk free rate curve (Line: 119 [POC_main.py])
INFO:__main__:(2024-02-03 00:01:15,210):Calculate 1-year forward rate (Line: 122 [POC_main.py])
INFO:__main__:(2024-02-03 00:01:15,215):Calculate projected spot rates (Line: 125 [POC_main.py])
INFO:__main__:(2024-02-03 00:01:15,454):Calculate calibration parameter alpha (Line: 128 [POC_main.py])
INFO:__main__:(2024-02-03 00:01:17,390):Import cash portfolio (Line: 135 [POC_main.py])
INFO:__main__:(2024-02-03 00:01:17,390):Import equities (Line: 139 [POC_main.py])
INFO:__main__:(2024-02-03 00:01:17,390):Create equity portfolio (Line: 144 [POC_main.py])
INFO:__main__:(2024-02-03 00:04:09,152):Configuration loaded (Line: 99 [POC_main.py])
INFO:__main__:(2024-02-03 00:04:09,154):Importing run parameters (Line: 107 [POC_main.py])
INFO:__main__:(2024-02-03 00:04:09,154):Importing risk free rate curve (Line: 111 [POC_main.py])
INFO:__main__:(2024-02-03 00:04:09,188):Process risk free rate curve (Line: 119 [POC_main.py])
INFO:__main__:(2024-02-03 00:04:09,194):Calculate 1-year forward rate (Line: 122 [POC_main.py])
INFO:__main__:(2024-02-03 00:04:09,194):Calculate projected spot rates (Line: 125 [POC_main.py])
INFO:__main__:(2024-02-03 00:04:09,428):Calculate calibration parameter alpha (Line: 128 [POC_main.py])
INFO:__main__:(2024-02-03 00:04:11,353):Import cash portfolio (Line: 135 [POC_main.py])
INFO:__main__:(2024-02-03 00:04:11,353):Import equities (Line: 139 [POC_main.py])
INFO:__main__:(2024-02-03 00:04:11,353):Create equity portfolio (Line: 144 [POC_main.py])
INFO:__main__:(2024-02-03 00:19:17,409):Configuration loaded (Line: 99 [POC_main.py])
INFO:__main__:(2024-02-03 00:19:17,409):Importing run parameters (Line: 107 [POC_main.py])
INFO:__main__:(2024-02-03 00:19:17,409):Importing risk free rate curve (Line: 111 [POC_main.py])
INFO:__main__:(2024-02-03 00:19:17,439):Process risk free rate curve (Line: 119 [POC_main.py])
INFO:__main__:(2024-02-03 00:19:17,439):Calculate 1-year forward rate (Line: 122 [POC_main.py])
INFO:__main__:(2024-02-03 00:19:17,449):Calculate projected spot rates (Line: 125 [POC_main.py])
INFO:__main__:(2024-02-03 00:19:17,682):Calculate calibration parameter alpha (Line: 128 [POC_main.py])
INFO:__main__:(2024-02-03 00:19:19,499):Import cash portfolio (Line: 135 [POC_main.py])
INFO:__main__:(2024-02-03 00:19:19,499):Import equities (Line: 139 [POC_main.py])
INFO:__main__:(2024-02-03 00:19:19,499):Create equity portfolio (Line: 144 [POC_main.py])
INFO:__main__:(2024-02-03 00:21:41,918):Configuration loaded (Line: 99 [POC_main.py])
INFO:__main__:(2024-02-03 00:21:41,918):Importing run parameters (Line: 107 [POC_main.py])
INFO:__main__:(2024-02-03 00:21:41,929):Importing risk free rate curve (Line: 111 [POC_main.py])
INFO:__main__:(2024-02-03 00:21:41,958):Process risk free rate curve (Line: 119 [POC_main.py])
INFO:__main__:(2024-02-03 00:21:41,958):Calculate 1-year forward rate (Line: 122 [POC_main.py])
INFO:__main__:(2024-02-03 00:21:41,958):Calculate projected spot rates (Line: 125 [POC_main.py])
INFO:__main__:(2024-02-03 00:21:42,189):Calculate calibration parameter alpha (Line: 128 [POC_main.py])
INFO:__main__:(2024-02-03 00:21:44,123):Import cash portfolio (Line: 135 [POC_main.py])
INFO:__main__:(2024-02-03 00:21:44,123):Import equities (Line: 139 [POC_main.py])
INFO:__main__:(2024-02-03 00:21:44,124):Create equity portfolio (Line: 144 [POC_main.py])
INFO:__main__:(2024-02-03 00:22:33,149):Configuration loaded (Line: 99 [POC_main.py])
INFO:__main__:(2024-02-03 00:22:33,149):Importing run parameters (Line: 107 [POC_main.py])
INFO:__main__:(2024-02-03 00:22:33,159):Importing risk free rate curve (Line: 111 [POC_main.py])
INFO:__main__:(2024-02-03 00:22:33,194):Process risk free rate curve (Line: 119 [POC_main.py])
INFO:__main__:(2024-02-03 00:22:33,194):Calculate 1-year forward rate (Line: 122 [POC_main.py])
INFO:__main__:(2024-02-03 00:22:33,194):Calculate projected spot rates (Line: 125 [POC_main.py])
INFO:__main__:(2024-02-03 00:22:33,426):Calculate calibration parameter alpha (Line: 128 [POC_main.py])
INFO:__main__:(2024-02-03 00:22:35,293):Import cash portfolio (Line: 135 [POC_main.py])
INFO:__main__:(2024-02-03 00:22:35,293):Import equities (Line: 139 [POC_main.py])
INFO:__main__:(2024-02-03 00:22:35,294):Create equity portfolio (Line: 144 [POC_main.py])
INFO:__main__:(2024-02-03 00:23:29,948):Configuration loaded (Line: 99 [POC_main.py])
INFO:__main__:(2024-02-03 00:23:29,948):Importing run parameters (Line: 107 [POC_main.py])
INFO:__main__:(2024-02-03 00:23:29,948):Importing risk free rate curve (Line: 111 [POC_main.py])
INFO:__main__:(2024-02-03 00:23:29,988):Process risk free rate curve (Line: 119 [POC_main.py])
INFO:__main__:(2024-02-03 00:23:29,993):Calculate 1-year forward rate (Line: 122 [POC_main.py])
INFO:__main__:(2024-02-03 00:23:29,993):Calculate projected spot rates (Line: 125 [POC_main.py])
INFO:__main__:(2024-02-03 00:23:30,229):Calculate calibration parameter alpha (Line: 128 [POC_main.py])
INFO:__main__:(2024-02-03 00:23:32,168):Import cash portfolio (Line: 135 [POC_main.py])
INFO:__main__:(2024-02-03 00:23:32,168):Import equities (Line: 139 [POC_main.py])
INFO:__main__:(2024-02-03 00:23:32,168):Create equity portfolio (Line: 144 [POC_main.py])
INFO:__main__:(2024-02-03 00:24:38,952):Configuration loaded (Line: 99 [POC_main.py])
INFO:__main__:(2024-02-03 00:24:38,952):Importing run parameters (Line: 107 [POC_main.py])
INFO:__main__:(2024-02-03 00:24:38,952):Importing risk free rate curve (Line: 111 [POC_main.py])
INFO:__main__:(2024-02-03 00:24:38,988):Process risk free rate curve (Line: 119 [POC_main.py])
INFO:__main__:(2024-02-03 00:24:38,988):Calculate 1-year forward rate (Line: 122 [POC_main.py])
INFO:__main__:(2024-02-03 00:24:38,988):Calculate projected spot rates (Line: 125 [POC_main.py])
INFO:__main__:(2024-02-03 00:24:39,218):Calculate calibration parameter alpha (Line: 128 [POC_main.py])
INFO:__main__:(2024-02-03 00:24:41,061):Import cash portfolio (Line: 135 [POC_main.py])
INFO:__main__:(2024-02-03 00:24:41,062):Import equities (Line: 139 [POC_main.py])
INFO:__main__:(2024-02-03 00:24:41,063):Create equity portfolio (Line: 144 [POC_main.py])
INFO:__main__:(2024-02-03 00:25:52,107):Configuration loaded (Line: 99 [POC_main.py])
INFO:__main__:(2024-02-03 00:25:52,107):Importing run parameters (Line: 107 [POC_main.py])
INFO:__main__:(2024-02-03 00:25:52,107):Importing risk free rate curve (Line: 111 [POC_main.py])
INFO:__main__:(2024-02-03 00:25:52,148):Process risk free rate curve (Line: 119 [POC_main.py])
INFO:__main__:(2024-02-03 00:25:52,148):Calculate 1-year forward rate (Line: 122 [POC_main.py])
INFO:__main__:(2024-02-03 00:25:52,153):Calculate projected spot rates (Line: 125 [POC_main.py])
INFO:__main__:(2024-02-03 00:25:52,380):Calculate calibration parameter alpha (Line: 128 [POC_main.py])
INFO:__main__:(2024-02-03 00:25:54,398):Import cash portfolio (Line: 135 [POC_main.py])
INFO:__main__:(2024-02-03 00:25:54,399):Import equities (Line: 139 [POC_main.py])
INFO:__main__:(2024-02-03 00:25:54,400):Create equity portfolio (Line: 144 [POC_main.py])
INFO:__main__:(2024-02-03 00:26:42,772):Configuration loaded (Line: 99 [POC_main.py])
INFO:__main__:(2024-02-03 00:26:42,773):Importing run parameters (Line: 107 [POC_main.py])
INFO:__main__:(2024-02-03 00:26:42,776):Importing risk free rate curve (Line: 111 [POC_main.py])
INFO:__main__:(2024-02-03 00:26:42,807):Process risk free rate curve (Line: 119 [POC_main.py])
INFO:__main__:(2024-02-03 00:26:42,807):Calculate 1-year forward rate (Line: 122 [POC_main.py])
INFO:__main__:(2024-02-03 00:26:42,807):Calculate projected spot rates (Line: 125 [POC_main.py])
INFO:__main__:(2024-02-03 00:26:43,047):Calculate calibration parameter alpha (Line: 128 [POC_main.py])
INFO:__main__:(2024-02-03 00:26:44,967):Import cash portfolio (Line: 135 [POC_main.py])
INFO:__main__:(2024-02-03 00:26:44,967):Import equities (Line: 139 [POC_main.py])
INFO:__main__:(2024-02-03 00:26:44,972):Create equity portfolio (Line: 144 [POC_main.py])
INFO:__main__:(2024-02-03 00:28:08,976):Configuration loaded (Line: 99 [POC_main.py])
INFO:__main__:(2024-02-03 00:28:08,977):Importing run parameters (Line: 107 [POC_main.py])
INFO:__main__:(2024-02-03 00:28:08,980):Importing risk free rate curve (Line: 111 [POC_main.py])
INFO:__main__:(2024-02-03 00:28:09,013):Process risk free rate curve (Line: 119 [POC_main.py])
INFO:__main__:(2024-02-03 00:28:09,013):Calculate 1-year forward rate (Line: 122 [POC_main.py])
INFO:__main__:(2024-02-03 00:28:09,017):Calculate projected spot rates (Line: 125 [POC_main.py])
INFO:__main__:(2024-02-03 00:28:09,246):Calculate calibration parameter alpha (Line: 128 [POC_main.py])
INFO:__main__:(2024-02-03 00:28:11,246):Import cash portfolio (Line: 135 [POC_main.py])
INFO:__main__:(2024-02-03 00:28:11,251):Import equities (Line: 139 [POC_main.py])
INFO:__main__:(2024-02-03 00:28:11,252):Create equity portfolio (Line: 144 [POC_main.py])
INFO:__main__:(2024-02-03 00:31:09,986):Configuration loaded (Line: 99 [POC_main.py])
INFO:__main__:(2024-02-03 00:31:09,986):Importing run parameters (Line: 107 [POC_main.py])
INFO:__main__:(2024-02-03 00:31:09,986):Importing risk free rate curve (Line: 111 [POC_main.py])
INFO:__main__:(2024-02-03 00:31:10,021):Process risk free rate curve (Line: 119 [POC_main.py])
INFO:__main__:(2024-02-03 00:31:10,025):Calculate 1-year forward rate (Line: 122 [POC_main.py])
INFO:__main__:(2024-02-03 00:31:10,026):Calculate projected spot rates (Line: 125 [POC_main.py])
INFO:__main__:(2024-02-03 00:31:10,266):Calculate calibration parameter alpha (Line: 128 [POC_main.py])
INFO:__main__:(2024-02-03 00:31:12,055):Import cash portfolio (Line: 135 [POC_main.py])
INFO:__main__:(2024-02-03 00:31:12,055):Import equities (Line: 139 [POC_main.py])
INFO:__main__:(2024-02-03 00:31:12,055):Create equity portfolio (Line: 144 [POC_main.py])
INFO:__main__:(2024-02-03 00:37:38,599):Configuration loaded (Line: 99 [POC_main.py])
INFO:__main__:(2024-02-03 00:37:38,599):Importing run parameters (Line: 107 [POC_main.py])
INFO:__main__:(2024-02-03 00:37:38,604):Importing risk free rate curve (Line: 111 [POC_main.py])
INFO:__main__:(2024-02-03 00:37:38,639):Process risk free rate curve (Line: 119 [POC_main.py])
INFO:__main__:(2024-02-03 00:37:38,639):Calculate 1-year forward rate (Line: 122 [POC_main.py])
INFO:__main__:(2024-02-03 00:37:38,639):Calculate projected spot rates (Line: 125 [POC_main.py])
INFO:__main__:(2024-02-03 00:37:38,864):Calculate calibration parameter alpha (Line: 128 [POC_main.py])
INFO:__main__:(2024-02-03 00:37:40,749):Import cash portfolio (Line: 135 [POC_main.py])
INFO:__main__:(2024-02-03 00:37:40,749):Import equities (Line: 139 [POC_main.py])
INFO:__main__:(2024-02-03 00:37:40,749):Create equity portfolio (Line: 144 [POC_main.py])
INFO:__main__:(2024-02-03 13:17:00,557):Configuration loaded (Line: 99 [POC_main.py])
INFO:__main__:(2024-02-03 13:17:00,557):Importing run parameters (Line: 107 [POC_main.py])
INFO:__main__:(2024-02-03 13:17:00,564):Importing risk free rate curve (Line: 111 [POC_main.py])
INFO:__main__:(2024-02-03 13:17:00,627):Process risk free rate curve (Line: 119 [POC_main.py])
INFO:__main__:(2024-02-03 13:17:00,628):Calculate 1-year forward rate (Line: 122 [POC_main.py])
INFO:__main__:(2024-02-03 13:17:00,628):Calculate projected spot rates (Line: 125 [POC_main.py])
INFO:__main__:(2024-02-03 13:17:00,997):Calculate calibration parameter alpha (Line: 128 [POC_main.py])
INFO:__main__:(2024-02-03 13:17:03,730):Import cash portfolio (Line: 135 [POC_main.py])
INFO:__main__:(2024-02-03 13:17:03,730):Import equities (Line: 139 [POC_main.py])
INFO:__main__:(2024-02-03 13:17:03,730):Create equity portfolio (Line: 144 [POC_main.py])
INFO:__main__:(2024-02-03 13:18:45,162):Configuration loaded (Line: 99 [POC_main.py])
INFO:__main__:(2024-02-03 13:18:45,162):Importing run parameters (Line: 107 [POC_main.py])
INFO:__main__:(2024-02-03 13:18:45,169):Importing risk free rate curve (Line: 111 [POC_main.py])
INFO:__main__:(2024-02-03 13:18:45,217):Process risk free rate curve (Line: 119 [POC_main.py])
INFO:__main__:(2024-02-03 13:18:45,217):Calculate 1-year forward rate (Line: 122 [POC_main.py])
INFO:__main__:(2024-02-03 13:18:45,217):Calculate projected spot rates (Line: 125 [POC_main.py])
INFO:__main__:(2024-02-03 13:18:45,667):Calculate calibration parameter alpha (Line: 128 [POC_main.py])
INFO:__main__:(2024-02-03 13:18:48,584):Import cash portfolio (Line: 135 [POC_main.py])
INFO:__main__:(2024-02-03 13:18:48,584):Import equities (Line: 139 [POC_main.py])
INFO:__main__:(2024-02-03 13:18:48,587):Create equity portfolio (Line: 144 [POC_main.py])
INFO:__main__:(2024-02-03 13:20:48,071):Configuration loaded (Line: 99 [POC_main.py])
INFO:__main__:(2024-02-03 13:20:48,076):Importing run parameters (Line: 107 [POC_main.py])
INFO:__main__:(2024-02-03 13:20:48,076):Importing risk free rate curve (Line: 111 [POC_main.py])
INFO:__main__:(2024-02-03 13:20:48,119):Process risk free rate curve (Line: 119 [POC_main.py])
INFO:__main__:(2024-02-03 13:20:48,126):Calculate 1-year forward rate (Line: 122 [POC_main.py])
INFO:__main__:(2024-02-03 13:20:48,126):Calculate projected spot rates (Line: 125 [POC_main.py])
INFO:__main__:(2024-02-03 13:20:48,466):Calculate calibration parameter alpha (Line: 128 [POC_main.py])
INFO:__main__:(2024-02-03 13:20:51,041):Import cash portfolio (Line: 135 [POC_main.py])
INFO:__main__:(2024-02-03 13:20:51,046):Import equities (Line: 139 [POC_main.py])
INFO:__main__:(2024-02-03 13:20:51,046):Create equity portfolio (Line: 144 [POC_main.py])
INFO:__main__:(2024-02-03 13:21:57,931):Configuration loaded (Line: 99 [POC_main.py])
INFO:__main__:(2024-02-03 13:21:57,931):Importing run parameters (Line: 107 [POC_main.py])
INFO:__main__:(2024-02-03 13:21:57,936):Importing risk free rate curve (Line: 111 [POC_main.py])
INFO:__main__:(2024-02-03 13:21:57,996):Process risk free rate curve (Line: 119 [POC_main.py])
INFO:__main__:(2024-02-03 13:21:57,996):Calculate 1-year forward rate (Line: 122 [POC_main.py])
INFO:__main__:(2024-02-03 13:21:58,006):Calculate projected spot rates (Line: 125 [POC_main.py])
INFO:__main__:(2024-02-03 13:21:58,400):Calculate calibration parameter alpha (Line: 128 [POC_main.py])
INFO:__main__:(2024-02-03 13:22:01,221):Import cash portfolio (Line: 135 [POC_main.py])
INFO:__main__:(2024-02-03 13:22:01,224):Import equities (Line: 139 [POC_main.py])
INFO:__main__:(2024-02-03 13:22:01,224):Create equity portfolio (Line: 144 [POC_main.py])
INFO:__main__:(2024-02-03 13:56:14,817):Configuration loaded (Line: 99 [POC_main.py])
INFO:__main__:(2024-02-03 13:56:14,817):Importing run parameters (Line: 107 [POC_main.py])
INFO:__main__:(2024-02-03 13:56:14,826):Importing risk free rate curve (Line: 111 [POC_main.py])
INFO:__main__:(2024-02-03 13:56:14,865):Process risk free rate curve (Line: 119 [POC_main.py])
INFO:__main__:(2024-02-03 13:56:14,865):Calculate 1-year forward rate (Line: 122 [POC_main.py])
INFO:__main__:(2024-02-03 13:56:14,875):Calculate projected spot rates (Line: 125 [POC_main.py])
INFO:__main__:(2024-02-03 13:56:15,266):Calculate calibration parameter alpha (Line: 128 [POC_main.py])
INFO:__main__:(2024-02-03 13:56:17,845):Import cash portfolio (Line: 135 [POC_main.py])
INFO:__main__:(2024-02-03 13:56:17,845):Import equities (Line: 139 [POC_main.py])
INFO:__main__:(2024-02-03 13:56:17,845):Create equity portfolio (Line: 144 [POC_main.py])
INFO:__main__:(2024-02-03 14:00:28,894):Configuration loaded (Line: 99 [POC_main.py])
INFO:__main__:(2024-02-03 14:00:28,894):Importing run parameters (Line: 107 [POC_main.py])
INFO:__main__:(2024-02-03 14:00:28,894):Importing risk free rate curve (Line: 111 [POC_main.py])
INFO:__main__:(2024-02-03 14:00:28,979):Process risk free rate curve (Line: 119 [POC_main.py])
INFO:__main__:(2024-02-03 14:00:28,979):Calculate 1-year forward rate (Line: 122 [POC_main.py])
INFO:__main__:(2024-02-03 14:00:28,987):Calculate projected spot rates (Line: 125 [POC_main.py])
INFO:__main__:(2024-02-03 14:00:29,384):Calculate calibration parameter alpha (Line: 128 [POC_main.py])
INFO:__main__:(2024-02-03 14:00:32,051):Import cash portfolio (Line: 135 [POC_main.py])
INFO:__main__:(2024-02-03 14:00:32,051):Import equities (Line: 139 [POC_main.py])
INFO:__main__:(2024-02-03 14:00:32,054):Create equity portfolio (Line: 144 [POC_main.py])
INFO:__main__:(2024-02-03 14:06:27,753):Configuration loaded (Line: 99 [POC_main.py])
INFO:__main__:(2024-02-03 14:06:27,753):Importing run parameters (Line: 107 [POC_main.py])
INFO:__main__:(2024-02-03 14:06:27,762):Importing risk free rate curve (Line: 111 [POC_main.py])
INFO:__main__:(2024-02-03 14:06:27,803):Process risk free rate curve (Line: 119 [POC_main.py])
INFO:__main__:(2024-02-03 14:06:27,812):Calculate 1-year forward rate (Line: 122 [POC_main.py])
INFO:__main__:(2024-02-03 14:06:27,812):Calculate projected spot rates (Line: 125 [POC_main.py])
INFO:__main__:(2024-02-03 14:06:28,162):Calculate calibration parameter alpha (Line: 128 [POC_main.py])
INFO:__main__:(2024-02-03 14:06:30,852):Import cash portfolio (Line: 135 [POC_main.py])
INFO:__main__:(2024-02-03 14:06:30,852):Import equities (Line: 139 [POC_main.py])
INFO:__main__:(2024-02-03 14:06:30,852):Create equity portfolio (Line: 144 [POC_main.py])
INFO:__main__:(2024-02-03 14:07:47,582):Configuration loaded (Line: 99 [POC_main.py])
INFO:__main__:(2024-02-03 14:07:47,582):Importing run parameters (Line: 107 [POC_main.py])
INFO:__main__:(2024-02-03 14:07:47,594):Importing risk free rate curve (Line: 111 [POC_main.py])
INFO:__main__:(2024-02-03 14:07:47,672):Process risk free rate curve (Line: 119 [POC_main.py])
INFO:__main__:(2024-02-03 14:07:47,677):Calculate 1-year forward rate (Line: 122 [POC_main.py])
INFO:__main__:(2024-02-03 14:07:47,682):Calculate projected spot rates (Line: 125 [POC_main.py])
INFO:__main__:(2024-02-03 14:07:48,045):Calculate calibration parameter alpha (Line: 128 [POC_main.py])
INFO:__main__:(2024-02-03 14:07:51,002):Import cash portfolio (Line: 135 [POC_main.py])
INFO:__main__:(2024-02-03 14:07:51,002):Import equities (Line: 139 [POC_main.py])
INFO:__main__:(2024-02-03 14:07:51,007):Create equity portfolio (Line: 144 [POC_main.py])
INFO:__main__:(2024-02-03 14:10:25,128):Configuration loaded (Line: 99 [POC_main.py])
INFO:__main__:(2024-02-03 14:10:25,128):Importing run parameters (Line: 107 [POC_main.py])
INFO:__main__:(2024-02-03 14:10:25,137):Importing risk free rate curve (Line: 111 [POC_main.py])
INFO:__main__:(2024-02-03 14:10:25,201):Process risk free rate curve (Line: 119 [POC_main.py])
INFO:__main__:(2024-02-03 14:10:25,202):Calculate 1-year forward rate (Line: 122 [POC_main.py])
INFO:__main__:(2024-02-03 14:10:25,202):Calculate projected spot rates (Line: 125 [POC_main.py])
INFO:__main__:(2024-02-03 14:10:25,526):Calculate calibration parameter alpha (Line: 128 [POC_main.py])
INFO:__main__:(2024-02-03 14:10:27,991):Import cash portfolio (Line: 135 [POC_main.py])
INFO:__main__:(2024-02-03 14:10:28,000):Import equities (Line: 139 [POC_main.py])
INFO:__main__:(2024-02-03 14:10:28,000):Create equity portfolio (Line: 144 [POC_main.py])
INFO:__main__:(2024-02-03 15:04:35,339):Configuration loaded (Line: 97 [POC_main.py])
INFO:__main__:(2024-02-03 15:13:19,046):Configuration loaded (Line: 97 [POC_main.py])
INFO:__main__:(2024-02-03 15:13:28,981):Importing run parameters (Line: 105 [POC_main.py])
INFO:__main__:(2024-02-03 15:13:28,997):Importing risk free rate curve (Line: 109 [POC_main.py])
INFO:__main__:(2024-02-03 15:13:29,057):Process risk free rate curve (Line: 117 [POC_main.py])
INFO:__main__:(2024-02-03 15:13:29,057):Calculate 1-year forward rate (Line: 120 [POC_main.py])
INFO:__main__:(2024-02-03 15:13:29,066):Calculate projected spot rates (Line: 123 [POC_main.py])
INFO:__main__:(2024-02-03 15:13:29,536):Calculate calibration parameter alpha (Line: 126 [POC_main.py])
INFO:__main__:(2024-02-03 15:13:32,756):Import cash portfolio (Line: 133 [POC_main.py])
INFO:__main__:(2024-02-03 15:13:32,756):Import equities (Line: 137 [POC_main.py])
INFO:__main__:(2024-02-03 15:13:32,761):Create equity portfolio (Line: 142 [POC_main.py])
INFO:__main__:(2024-02-03 15:22:46,099):Configuration loaded (Line: 97 [POC_main.py])
INFO:__main__:(2024-02-03 15:22:46,099):Importing run parameters (Line: 105 [POC_main.py])
INFO:__main__:(2024-02-03 15:22:46,099):Importing risk free rate curve (Line: 109 [POC_main.py])
INFO:__main__:(2024-02-03 15:22:46,166):Process risk free rate curve (Line: 117 [POC_main.py])
INFO:__main__:(2024-02-03 15:22:46,168):Calculate 1-year forward rate (Line: 120 [POC_main.py])
INFO:__main__:(2024-02-03 15:22:46,168):Calculate projected spot rates (Line: 123 [POC_main.py])
INFO:__main__:(2024-02-03 15:22:46,558):Calculate calibration parameter alpha (Line: 126 [POC_main.py])
INFO:__main__:(2024-02-03 15:22:49,031):Import cash portfolio (Line: 133 [POC_main.py])
INFO:__main__:(2024-02-03 15:22:49,031):Import equities (Line: 137 [POC_main.py])
INFO:__main__:(2024-02-03 15:22:49,031):Create equity portfolio (Line: 142 [POC_main.py])
INFO:__main__:(2024-02-03 15:23:34,923):Configuration loaded (Line: 97 [POC_main.py])
INFO:__main__:(2024-02-03 15:23:34,923):Importing run parameters (Line: 105 [POC_main.py])
INFO:__main__:(2024-02-03 15:23:34,928):Importing risk free rate curve (Line: 109 [POC_main.py])
INFO:__main__:(2024-02-03 15:23:35,001):Process risk free rate curve (Line: 117 [POC_main.py])
INFO:__main__:(2024-02-03 15:23:35,001):Calculate 1-year forward rate (Line: 120 [POC_main.py])
INFO:__main__:(2024-02-03 15:23:35,008):Calculate projected spot rates (Line: 123 [POC_main.py])
INFO:__main__:(2024-02-03 15:23:35,451):Calculate calibration parameter alpha (Line: 126 [POC_main.py])
INFO:__main__:(2024-02-03 15:23:38,344):Import cash portfolio (Line: 133 [POC_main.py])
INFO:__main__:(2024-02-03 15:23:38,344):Import equities (Line: 137 [POC_main.py])
INFO:__main__:(2024-02-03 15:23:38,346):Create equity portfolio (Line: 142 [POC_main.py])
INFO:__main__:(2024-02-03 15:25:47,213):Configuration loaded (Line: 97 [POC_main.py])
INFO:__main__:(2024-02-03 15:25:47,213):Importing run parameters (Line: 105 [POC_main.py])
INFO:__main__:(2024-02-03 15:25:47,221):Importing risk free rate curve (Line: 109 [POC_main.py])
INFO:__main__:(2024-02-03 15:25:47,347):Process risk free rate curve (Line: 117 [POC_main.py])
INFO:__main__:(2024-02-03 15:25:47,347):Calculate 1-year forward rate (Line: 120 [POC_main.py])
INFO:__main__:(2024-02-03 15:25:47,361):Calculate projected spot rates (Line: 123 [POC_main.py])
INFO:__main__:(2024-02-03 15:25:47,887):Calculate calibration parameter alpha (Line: 126 [POC_main.py])
INFO:__main__:(2024-02-03 15:25:50,817):Import cash portfolio (Line: 133 [POC_main.py])
INFO:__main__:(2024-02-03 15:25:50,817):Import equities (Line: 137 [POC_main.py])
INFO:__main__:(2024-02-03 15:25:50,817):Create equity portfolio (Line: 142 [POC_main.py])
INFO:__main__:(2024-02-03 15:26:31,268):Configuration loaded (Line: 97 [POC_main.py])
INFO:__main__:(2024-02-03 15:26:31,268):Importing run parameters (Line: 105 [POC_main.py])
INFO:__main__:(2024-02-03 15:26:31,277):Importing risk free rate curve (Line: 109 [POC_main.py])
INFO:__main__:(2024-02-03 15:26:31,334):Process risk free rate curve (Line: 117 [POC_main.py])
INFO:__main__:(2024-02-03 15:26:31,335):Calculate 1-year forward rate (Line: 120 [POC_main.py])
INFO:__main__:(2024-02-03 15:26:31,357):Calculate projected spot rates (Line: 123 [POC_main.py])
INFO:__main__:(2024-02-03 15:26:31,732):Calculate calibration parameter alpha (Line: 126 [POC_main.py])
INFO:__main__:(2024-02-03 15:26:34,291):Import cash portfolio (Line: 133 [POC_main.py])
INFO:__main__:(2024-02-03 15:26:34,291):Import equities (Line: 137 [POC_main.py])
INFO:__main__:(2024-02-03 15:26:34,291):Create equity portfolio (Line: 142 [POC_main.py])
